struct GT_U64

################################
################################
###   cpssCommon
################################
################################
# generic/all_common_lua_c_type_manual_wrappers.c
enum    GT_BOOL
struct_custom  GT_ETHERADDR
struct_custom  GT_FCOE
struct_custom  GT_IPADDR
struct_custom  GT_IPV6ADDR
struct_custom  PACKET_STC
struct  WRAP_DEV_PORT_STC
struct  CPSS_INTERFACE_INFO_STC
struct  TX_PARAMS_STC
struct  RX_DATA_STC
struct  PX_RX_DATA_STC
struct  CPSS_MAC_ENTRY_EXT_KEY_STC
struct  CPSS_RLDRAM_CFG_STC
struct  CPSS_DRAM_CFG_STC
enum    CPSS_SHIFT_OPERATION_ENT
enum    CPSS_ADJUST_OPERATION_ENT
struct  CPSS_GEN_DRAGONITE_DATA_STC
struct  CPSS_PM_AP_PORT_ATTR_STC
struct  CPSS_PM_PORT_PARAMS_STC
struct  MV_HWS_MAN_TUNE_AVAGO_RX_CONFIG_DATA
struct  MV_HWS_MAN_TUNE_CTLE_CONFIG_DATA
struct  MV_HWS_AVAGO_TX_OVERRIDE_CONFIG_DATA
struct  CPSS_PORT_SERDES_TUNE_STC
################################
################################
###   dxCh
################################
################################
# dxCh/all_dxCh_lua_c_type_manual_wrappers.c
struct  CPSS_DXCH_NET_DSA_TO_CPU_STC
struct  CPSS_DXCH_NET_DSA_FROM_CPU_STC
struct  CPSS_DXCH_NET_DSA_TO_ANALYZER_STC
struct  CPSS_DXCH_NET_DSA_FORWARD_STC
struct  CPSS_DXCH_NET_DSA_PARAMS_STC
struct  CPSS_DXCH_NET_TX_PARAMS_STC
struct  CPSS_DXCH_PCL_ACTION_STC
struct  CPSS_DXCH_PCL_ACTION_REDIRECT_STC
struct  CPSS_DXCH_PCL_RULE_FORMAT_EGRESS_COMMON_STC
struct  CPSS_DXCH3_POLICER_METERING_ENTRY_STC
struct  CPSS_DXCH_PORT_EOM_MATRIX_STC
struct  CPSS_DXCH_OAM_SRV_TRANSMIT_PARAMS_STC
struct  CPSS_DXCH_PORT_PIZZA_CFG_SLICE_LIST_STC
struct  CPSS_DXCH_PORT_PIZZA_CFG_PORT_SLICE_LIST_STC
struct  CPSS_DXCH_DEV_PIZZA_ARBITER_STATE_STC
struct  CPSS_DXCH_LOGICAL_INDEX_INFO_STC
struct  CPSS_DXCH_PCL_ACTION_EGRESS_PHA_THREAD_INFO_STC
struct  CPSS_DXCH_FLOW_MANAGER_STC
struct  CPSS_DXCH_PACKET_ANALYZER_UDS_ATTRIBUTES_STC
struct  CPSS_DXCH_PACKET_ANALYZER_STAGE_INTERFACE_STC
struct  CPSS_DXCH_PACKET_ANALYZER_UDF_ATTRIBUTES_STC
struct  CPSS_DXCH_PACKET_ANALYZER_FIELD_NAME_STC
struct  CPSS_DXCH_PORT_SERDES_EYE_RESULT_STC
struct  CPSS_DXCH_TTI_DIP_VLAN_STC

################################
################################
###   px
################################
################################
# px/all_px_lua_c_type_manual_wrappers.c
struct  CPSS_PX_INGRESS_IP2ME_ENTRY_STC
struct  CPSS_PX_PORT_SERDES_EYE_RESULT_STC
